mode: set
/home/kien/Workspace/Git/kien-training/Chat(implement)/resful-server/userdata/userdata.go:19.23,27.2 6 1
/home/kien/Workspace/Git/kien-training/Chat(implement)/resful-server/userdata/userdata.go:29.50,37.22 7 1
/home/kien/Workspace/Git/kien-training/Chat(implement)/resful-server/userdata/userdata.go:44.2,44.17 1 1
/home/kien/Workspace/Git/kien-training/Chat(implement)/resful-server/userdata/userdata.go:37.22,39.17 2 1
/home/kien/Workspace/Git/kien-training/Chat(implement)/resful-server/userdata/userdata.go:39.17,40.14 1 0
/home/kien/Workspace/Git/kien-training/Chat(implement)/resful-server/userdata/userdata.go:41.4,41.19 1 0
/home/kien/Workspace/Git/kien-training/Chat(implement)/resful-server/userdata/userdata.go:47.41,54.25 6 1
/home/kien/Workspace/Git/kien-training/Chat(implement)/resful-server/userdata/userdata.go:57.2,58.20 2 1
/home/kien/Workspace/Git/kien-training/Chat(implement)/resful-server/userdata/userdata.go:54.25,56.3 1 1
/home/kien/Workspace/Git/kien-training/Chat(implement)/resful-server/userdata/userdata.go:58.20,60.3 1 1
/home/kien/Workspace/Git/kien-training/Chat(implement)/resful-server/userdata/userdata.go:60.8,62.3 1 1
/home/kien/Workspace/Git/kien-training/Chat(implement)/resful-server/userdata/userdata.go:66.28,67.16 1 1
/home/kien/Workspace/Git/kien-training/Chat(implement)/resful-server/userdata/userdata.go:67.16,68.13 1 0
