mode: set
/home/kien/Workspace/Git/kien-training/Chat(implement)/resful-server/main.go:18.14,31.2 0 0
/home/kien/Workspace/Git/kien-training/Chat(implement)/resful-server/main.go:33.61,35.2 1 1
/home/kien/Workspace/Git/kien-training/Chat(implement)/resful-server/main.go:37.64,39.2 1 1
/home/kien/Workspace/Git/kien-training/Chat(implement)/resful-server/main.go:41.58,51.42 6 1
/home/kien/Workspace/Git/kien-training/Chat(implement)/resful-server/main.go:51.42,73.3 8 1
/home/kien/Workspace/Git/kien-training/Chat(implement)/resful-server/main.go:73.8,76.3 2 1
/home/kien/Workspace/Git/kien-training/Chat(implement)/resful-server/main.go:79.61,89.36 7 1
/home/kien/Workspace/Git/kien-training/Chat(implement)/resful-server/main.go:89.36,92.3 2 1
/home/kien/Workspace/Git/kien-training/Chat(implement)/resful-server/main.go:92.8,95.3 2 1
/home/kien/Workspace/Git/kien-training/Chat(implement)/resful-server/main.go:98.57,100.16 2 1
/home/kien/Workspace/Git/kien-training/Chat(implement)/resful-server/main.go:110.2,114.94 3 1
/home/kien/Workspace/Git/kien-training/Chat(implement)/resful-server/main.go:117.2,117.16 1 1
/home/kien/Workspace/Git/kien-training/Chat(implement)/resful-server/main.go:125.2,125.16 1 1
/home/kien/Workspace/Git/kien-training/Chat(implement)/resful-server/main.go:129.2,129.44 1 1
/home/kien/Workspace/Git/kien-training/Chat(implement)/resful-server/main.go:100.16,101.30 1 1
/home/kien/Workspace/Git/kien-training/Chat(implement)/resful-server/main.go:107.3,108.9 2 0
/home/kien/Workspace/Git/kien-training/Chat(implement)/resful-server/main.go:101.30,105.4 2 1
/home/kien/Workspace/Git/kien-training/Chat(implement)/resful-server/main.go:114.94,116.3 1 1
/home/kien/Workspace/Git/kien-training/Chat(implement)/resful-server/main.go:117.16,118.37 1 1
/home/kien/Workspace/Git/kien-training/Chat(implement)/resful-server/main.go:122.3,123.9 2 1
/home/kien/Workspace/Git/kien-training/Chat(implement)/resful-server/main.go:118.37,121.4 2 0
/home/kien/Workspace/Git/kien-training/Chat(implement)/resful-server/main.go:125.16,128.3 2 0
/home/kien/Workspace/Git/kien-training/Chat(implement)/resful-server/main.go:132.48,133.16 1 1
/home/kien/Workspace/Git/kien-training/Chat(implement)/resful-server/main.go:133.16,135.3 1 0
